<?xml version="1.0" encoding="UTF-8"?>
<!-- Generated by org.testng.reporters.JUnitReportReporter -->
<testsuite hostname="DESKTOP-5OUND92" name="Salle.TestClasses.SalleHeader" tests="2" failures="0" timestamp="24 Jul 2017 19:08:06 GMT" time="3.516" errors="0">
  <testcase name="NuevosAlumnos" time="1.652" classname="Salle.TestClasses.SalleHeader"/>
  <testcase name="Alumnos" time="1.864" classname="Salle.TestClasses.SalleHeader"/>
</testsuite> <!-- Salle.TestClasses.SalleHeader -->
