<?xml version="1.0" encoding="UTF-8"?>
<!-- Generated by org.testng.reporters.JUnitReportReporter -->
<testsuite hostname="SAPTEST_A00" name="Salle.TestClasses.SalleHeader" tests="4" failures="0" timestamp="16 Aug 2017 14:06:48 GMT" time="5.312" errors="0">
  <testcase name="NuevosAlumnos" time="1.371" classname="Salle.TestClasses.SalleHeader"/>
  <testcase name="Alumnos" time="1.766" classname="Salle.TestClasses.SalleHeader"/>
  <testcase name="Alumni" time="1.308" classname="Salle.TestClasses.SalleHeader"/>
  <testcase name="Empresas" time="0.867" classname="Salle.TestClasses.SalleHeader"/>
</testsuite> <!-- Salle.TestClasses.SalleHeader -->
