<?xml version="1.0" encoding="UTF-8"?>
<!-- Generated by org.testng.reporters.JUnitReportReporter -->
<testsuite hostname="DESKTOP-5OUND92" name="Salle.TestClasses.SalleHeader" tests="5" failures="0" timestamp="17 Nov 2017 12:17:28 GMT" time="13.177" errors="1">
  <testcase name="Alumni" time="2.354" classname="Salle.TestClasses.SalleHeader"/>
  <testcase name="Empresas" time="1.367" classname="Salle.TestClasses.SalleHeader">
    <error type="java.lang.AssertionError" message="expected [2] but found [1]">
      <![CDATA[java.lang.AssertionError: expected [2] but found [1]
	at org.testng.Assert.fail(Assert.java:94)
	at org.testng.Assert.failNotEquals(Assert.java:494)
	at org.testng.Assert.assertEquals(Assert.java:123)
	at org.testng.Assert.assertEquals(Assert.java:370)
	at org.testng.Assert.assertEquals(Assert.java:380)
	at Salle.TestClasses.SalleHeader.Empresas(SalleHeader.java:82)
	at sun.reflect.NativeMethodAccessorImpl.invoke0(Native Method)
	at sun.reflect.NativeMethodAccessorImpl.invoke(Unknown Source)
	at sun.reflect.DelegatingMethodAccessorImpl.invoke(Unknown Source)
	at java.lang.reflect.Method.invoke(Unknown Source)
	at org.testng.internal.MethodInvocationHelper.invokeMethod(MethodInvocationHelper.java:80)
	at org.testng.internal.Invoker.invokeMethod(Invoker.java:714)
	at org.testng.internal.Invoker.invokeTestMethod(Invoker.java:901)
	at org.testng.internal.Invoker.invokeTestMethods(Invoker.java:1231)
	at org.testng.internal.TestMethodWorker.invokeTestMethods(TestMethodWorker.java:127)
	at org.testng.internal.TestMethodWorker.run(TestMethodWorker.java:111)
	at java.util.concurrent.ThreadPoolExecutor.runWorker(Unknown Source)
	at java.util.concurrent.ThreadPoolExecutor$Worker.run(Unknown Source)
	at java.lang.Thread.run(Unknown Source)
]]>
    </error>
  </testcase> <!-- Empresas -->
  <testcase name="Universidades" time="1.150" classname="Salle.TestClasses.SalleHeader"/>
  <testcase name="Alumnos" time="3.328" classname="Salle.TestClasses.SalleHeader"/>
  <testcase name="NuevosAlumnos" time="4.978" classname="Salle.TestClasses.SalleHeader"/>
</testsuite> <!-- Salle.TestClasses.SalleHeader -->
