<?xml version="1.0" encoding="UTF-8"?>
<!-- Generated by org.testng.reporters.JUnitReportReporter -->
<testsuite hostname="SAPTEST_A00" name="Salle.TestClasses.SalleHeader" tests="4" failures="0" timestamp="14 Aug 2017 14:06:57 GMT" time="6.432" errors="0">
  <testcase name="Alumni" time="2.091" classname="Salle.TestClasses.SalleHeader"/>
  <testcase name="NuevosAlumnos" time="2.333" classname="Salle.TestClasses.SalleHeader"/>
  <testcase name="Empresas" time="0.540" classname="Salle.TestClasses.SalleHeader"/>
  <testcase name="Alumnos" time="1.468" classname="Salle.TestClasses.SalleHeader"/>
</testsuite> <!-- Salle.TestClasses.SalleHeader -->
